#
# There is insufficient memory for the Java Runtime Environment to continue.
# Native memory allocation (mmap) failed to map 132120576 bytes for G1 virtual space
# Possible reasons:
#   The system is out of physical RAM or swap space
#   The process is running with CompressedOops enabled, and the Java Heap may be blocking the growth of the native heap
# Possible solutions:
#   Reduce memory load on the system
#   Increase physical memory or swap space
#   Check if swap backing store is full
#   Decrease Java heap size (-Xmx/-Xms)
#   Decrease number of Java threads
#   Decrease Java thread stack sizes (-Xss)
#   Set larger code cache with -XX:ReservedCodeCacheSize=
#   JVM is running with Unscaled Compressed Oops mode in which the Java heap is
#     placed in the first 4GB address space. The Java Heap base address is the
#     maximum limit for the native heap growth. Please use -XX:HeapBaseMinAddress
#     to set the Java Heap base and to place the Java Heap above 4GB virtual address.
# This output file may be truncated or incomplete.
#
#  Out of Memory Error (os_windows.cpp:3829), pid=2924, tid=11688
#
# JRE version:  (17.0.8+7) (build )
# Java VM: OpenJDK 64-Bit Server VM (17.0.8+7-b1000.8, mixed mode, sharing, tiered, compressed oops, compressed class ptrs, g1 gc, windows-amd64)
# No core dump will be written. Minidumps are not enabled by default on client versions of Windows
#

---------------  S U M M A R Y ------------

Command Line: git4idea.http.GitAskPassApp Username for 'https://github.com': 

Host: Intel(R) Core(TM) i5-7200U CPU @ 2.50GHz, 4 cores, 7G,  Windows 10 , 64 bit Build 19041 (10.0.19041.3393)
Time: Thu Sep 28 14:07:19 2023 Pacific Daylight Time elapsed time: 0.029692 seconds (0d 0h 0m 0s)

---------------  T H R E A D  ---------------

Current thread (0x00000290e56c9a10):  JavaThread "Unknown thread" [_thread_in_vm, id=11688, stack(0x00000091f2d00000,0x00000091f2e00000)]

Stack: [0x00000091f2d00000,0x00000091f2e00000]
Native frames: (J=compiled Java code, j=interpreted, Vv=VM code, C=native code)
V  [jvm.dll+0x6852da]
V  [jvm.dll+0x844c84]
V  [jvm.dll+0x84659e]
V  [jvm.dll+0x846c03]
V  [jvm.dll+0x24b7cf]
V  [jvm.dll+0x682049]
V  [jvm.dll+0x67671a]
V  [jvm.dll+0x30be2b]
V  [jvm.dll+0x3132d6]
V  [jvm.dll+0x36302e]
V  [jvm.dll+0x36325f]
V  [jvm.dll+0x2e1f48]
V  [jvm.dll+0x2e2eb4]
V  [jvm.dll+0x815c11]
V  [jvm.dll+0x370df1]
V  [jvm.dll+0x7f4fdc]
V  [jvm.dll+0x3f3f1f]
V  [jvm.dll+0x3f5b31]
C  [jli.dll+0x528f]
C  [ucrtbase.dll+0x21bb2]
C  [KERNEL32.DLL+0x17344]
C  [ntdll.dll+0x526b1]


---------------  P R O C E S S  ---------------

Threads class SMR info:
_java_thread_list=0x00007ffd48470098, length=0, elements={
}

Java Threads: ( => current thread )

Other Threads:
  0x00000290e57238b0 GCTaskThread "GC Thread#0" [stack: 0x00000091f2e00000,0x00000091f2f00000] [id=23592]
  0x00000290e5734240 ConcurrentGCThread "G1 Main Marker" [stack: 0x00000091f2f00000,0x00000091f3000000] [id=23792]
  0x00000290e5734c50 ConcurrentGCThread "G1 Conc#0" [stack: 0x00000091f3000000,0x00000091f3100000] [id=12208]

[error occurred during error reporting (printing all threads), id 0xc0000005, EXCEPTION_ACCESS_VIOLATION (0xc0000005) at pc=0x00007ffd47c22ab7]

VM state: not at safepoint (not fully initialized)

VM Mutex/Monitor currently owned by a thread:  ([mutex/lock_event])
[0x00000290e56c4380] Heap_lock - owner thread: 0x00000290e56c9a10

Heap address: 0x0000000082e00000, size: 2002 MB, Compressed Oops mode: 32-bit

CDS archive(s) mapped at: [0x0000000000000000-0x0000000000000000-0x0000000000000000), size 0, SharedBaseAddress: 0x0000000800000000, ArchiveRelocationMode: 1.
Narrow klass base: 0x0000000000000000, Narrow klass shift: 0, Narrow klass range: 0x0

GC Precious Log:
<Empty>

Heap:
 garbage-first heap   total 0K, used 0K [0x0000000082e00000, 0x0000000100000000)
  region size 1024K, 0 young (0K), 0 survivors (0K)
 Metaspace       used 0K, committed 0K, reserved 0K
  class space    used 0K, committed 0K, reserved 0K

Heap Regions: E=young(eden), S=young(survivor), O=old, HS=humongous(starts), HC=humongous(continues), CS=collection set, F=free, OA=open archive, CA=closed archive, TAMS=top-at-mark-start (previous, next)

Card table byte_map: [0x00000290f8230000,0x00000290f8620000] _byte_map_base: 0x00000290f7e19000

Marking Bits (Prev, Next): (CMBitMap*) 0x00000290e5723ed0, (CMBitMap*) 0x00000290e5723f10
 Prev Bits: [0x00000290f8a10000, 0x00000290fa958000)
 Next Bits: [0x00000290fa960000, 0x00000290fc8a8000)

GC Heap History (0 events):
No events

Dll operation events (1 events):
Event: 0.017 Loaded shared library C:\Program Files\JetBrains\PyCharm 2023.2.1\jbr\bin\java.dll

Deoptimization events (0 events):
No events

Classes unloaded (0 events):
No events

Classes redefined (0 events):
No events

Internal exceptions (0 events):
No events

VM Operations (0 events):
No events

Events (0 events):
No events


Dynamic libraries:
0x00007ff6bca70000 - 0x00007ff6bca7a000 	C:\Program Files\JetBrains\PyCharm 2023.2.1\jbr\bin\java.exe
0x00007ffd90f10000 - 0x00007ffd91108000 	C:\Windows\SYSTEM32\ntdll.dll
0x00007ffd8f1c0000 - 0x00007ffd8f27d000 	C:\Windows\System32\KERNEL32.DLL
0x00007ffd8e9b0000 - 0x00007ffd8eca6000 	C:\Windows\System32\KERNELBASE.dll
0x00007ffd8e5f0000 - 0x00007ffd8e6f0000 	C:\Windows\System32\ucrtbase.dll
0x00007ffd736a0000 - 0x00007ffd736bb000 	C:\Program Files\JetBrains\PyCharm 2023.2.1\jbr\bin\VCRUNTIME140.dll
0x00007ffd62c90000 - 0x00007ffd62ca7000 	C:\Program Files\JetBrains\PyCharm 2023.2.1\jbr\bin\jli.dll
0x00007ffd909b0000 - 0x00007ffd90b4e000 	C:\Windows\System32\USER32.dll
0x00007ffd8ecb0000 - 0x00007ffd8ecd2000 	C:\Windows\System32\win32u.dll
0x00007ffd90b80000 - 0x00007ffd90bac000 	C:\Windows\System32\GDI32.dll
0x00007ffd8e6f0000 - 0x00007ffd8e80a000 	C:\Windows\System32\gdi32full.dll
0x00007ffd8e8a0000 - 0x00007ffd8e93d000 	C:\Windows\System32\msvcp_win.dll
0x00007ffd78f70000 - 0x00007ffd7920a000 	C:\Windows\WinSxS\amd64_microsoft.windows.common-controls_6595b64144ccf1df_6.0.19041.1110_none_60b5254171f9507e\COMCTL32.dll
0x00007ffd8f7c0000 - 0x00007ffd8f85e000 	C:\Windows\System32\msvcrt.dll
0x00007ffd90b50000 - 0x00007ffd90b80000 	C:\Windows\System32\IMM32.DLL
0x00007ffd87ec0000 - 0x00007ffd87ecc000 	C:\Program Files\JetBrains\PyCharm 2023.2.1\jbr\bin\vcruntime140_1.dll
0x00007ffd50e40000 - 0x00007ffd50ecd000 	C:\Program Files\JetBrains\PyCharm 2023.2.1\jbr\bin\msvcp140.dll
0x00007ffd47930000 - 0x00007ffd485b3000 	C:\Program Files\JetBrains\PyCharm 2023.2.1\jbr\bin\server\jvm.dll
0x00007ffd8fc70000 - 0x00007ffd8fd1e000 	C:\Windows\System32\ADVAPI32.dll
0x00007ffd8f860000 - 0x00007ffd8f8fc000 	C:\Windows\System32\sechost.dll
0x00007ffd8ef70000 - 0x00007ffd8f096000 	C:\Windows\System32\RPCRT4.dll
0x00007ffd8e010000 - 0x00007ffd8e05b000 	C:\Windows\SYSTEM32\POWRPROF.dll
0x00007ffd78f60000 - 0x00007ffd78f69000 	C:\Windows\SYSTEM32\WSOCK32.dll
0x00007ffd568d0000 - 0x00007ffd568f7000 	C:\Windows\SYSTEM32\WINMM.dll
0x00007ffd904d0000 - 0x00007ffd9053b000 	C:\Windows\System32\WS2_32.dll
0x00007ffd85880000 - 0x00007ffd8588a000 	C:\Windows\SYSTEM32\VERSION.dll
0x00007ffd8dff0000 - 0x00007ffd8e002000 	C:\Windows\SYSTEM32\UMPDC.dll
0x00007ffd8cdd0000 - 0x00007ffd8cde2000 	C:\Windows\SYSTEM32\kernel.appcore.dll
0x00007ffd87e80000 - 0x00007ffd87e8a000 	C:\Program Files\JetBrains\PyCharm 2023.2.1\jbr\bin\jimage.dll
0x00007ffd8c2c0000 - 0x00007ffd8c4a4000 	C:\Windows\SYSTEM32\DBGHELP.DLL
0x00007ffd7dde0000 - 0x00007ffd7de14000 	C:\Windows\SYSTEM32\dbgcore.DLL
0x00007ffd8e810000 - 0x00007ffd8e892000 	C:\Windows\System32\bcryptPrimitives.dll
0x00007ffd69150000 - 0x00007ffd69175000 	C:\Program Files\JetBrains\PyCharm 2023.2.1\jbr\bin\java.dll

dbghelp: loaded successfully - version: 4.0.5 - missing functions: none
symbol engine: initialized successfully - sym options: 0x614 - pdb path: .;C:\Program Files\JetBrains\PyCharm 2023.2.1\jbr\bin;C:\Windows\SYSTEM32;C:\Windows\WinSxS\amd64_microsoft.windows.common-controls_6595b64144ccf1df_6.0.19041.1110_none_60b5254171f9507e;C:\Program Files\JetBrains\PyCharm 2023.2.1\jbr\bin\server

VM Arguments:
java_command: git4idea.http.GitAskPassApp Username for 'https://github.com': 
java_class_path (initial): C:/Program Files/JetBrains/PyCharm 2023.2.1/plugins/vcs-git/lib/git4idea-rt.jar;C:/Program Files/JetBrains/PyCharm 2023.2.1/lib/externalProcess-rt.jar
Launcher Type: SUN_STANDARD

[Global flags]
     intx CICompilerCount                          = 3                                         {product} {ergonomic}
     uint ConcGCThreads                            = 1                                         {product} {ergonomic}
     uint G1ConcRefinementThreads                  = 4                                         {product} {ergonomic}
   size_t G1HeapRegionSize                         = 1048576                                   {product} {ergonomic}
    uintx GCDrainStackTargetSize                   = 64                                        {product} {ergonomic}
   size_t InitialHeapSize                          = 132120576                                 {product} {ergonomic}
   size_t MarkStackSize                            = 4194304                                   {product} {ergonomic}
   size_t MaxHeapSize                              = 2099249152                                {product} {ergonomic}
   size_t MinHeapDeltaBytes                        = 1048576                                   {product} {ergonomic}
   size_t MinHeapSize                              = 8388608                                   {product} {ergonomic}
    uintx NonNMethodCodeHeapSize                   = 5832780                                {pd product} {ergonomic}
    uintx NonProfiledCodeHeapSize                  = 122912730                              {pd product} {ergonomic}
    uintx ProfiledCodeHeapSize                     = 122912730                              {pd product} {ergonomic}
    uintx ReservedCodeCacheSize                    = 251658240                              {pd product} {ergonomic}
     bool SegmentedCodeCache                       = true                                      {product} {ergonomic}
   size_t SoftMaxHeapSize                          = 2099249152                             {manageable} {ergonomic}
     bool UseCompressedClassPointers               = true                           {product lp64_product} {ergonomic}
     bool UseCompressedOops                        = true                           {product lp64_product} {ergonomic}
     bool UseG1GC                                  = true                                      {product} {ergonomic}
     bool UseLargePagesIndividualAllocation        = false                                  {pd product} {ergonomic}

Logging:
Log output configuration:
 #0: stdout all=warning uptime,level,tags
 #1: stderr all=off uptime,level,tags

Environment Variables:
PATH=C:\Program Files\Git\mingw64\libexec\git-core;C:\Program Files\Git\mingw64\libexec\git-core;C:\Program Files\Git\mingw64\bin;C:\Program Files\Git\usr\bin;C:\Users\mcwilton\bin;C:\Users\mcwilton\PycharmProjects\heartfeltsms\heartsms\Scripts;C:\Windows\system32;C:\Windows;C:\Windows\System32\Wbem;C:\Windows\System32\WindowsPowerShell\v1.0;C:\Windows\System32\OpenSSH;C:\ProgramData\chocolatey\bin;C:\Program Files\Kubernetes\Minikube;C:\Program Files\Git\cmd;C:\Program Files\PuTTY;C:\Users\mcwilton\AppData\Local\Programs\Python\Python311\Scripts;C:\Users\mcwilton\AppData\Local\Programs\Python\Python311;C:\Users\mcwilton\AppData\Local\Microsoft\WindowsApps;C:\Program Files\JetBrains\PyCharm 2023.2.1\bin;C:\Users\mcwilton\AppData\Local\GitHubDesktop\bin;C:\Users\mcwilton\AppData\Local\Programs\Microsoft VS Code\bin
USERNAME=mcwilton
DISPLAY=:0.0
LC_ALL=en_US.UTF-8
TERM=xterm-256color
TMPDIR=C:\Users\mcwilton\AppData\Local\Temp
OS=Windows_NT
PROCESSOR_IDENTIFIER=Intel64 Family 6 Model 142 Stepping 9, GenuineIntel
TMP=C:\Users\mcwilton\AppData\Local\Temp
TEMP=C:\Users\mcwilton\AppData\Local\Temp


JNI global refs:
JNI global refs: 0, weak refs: 0

JNI global refs memory usage: 0, weak refs: 0

OOME stack traces (most recent first):
Classloader memory used:


---------------  S Y S T E M  ---------------

OS:
 Windows 10 , 64 bit Build 19041 (10.0.19041.3393)
OS uptime: 2 days 3:50 hours
Hyper-V role detected

CPU: total 4 (initial active 4) (2 cores per cpu, 2 threads per core) family 6 model 142 stepping 9 microcode 0xb4, cx8, cmov, fxsr, ht, mmx, 3dnowpref, sse, sse2, sse3, ssse3, sse4.1, sse4.2, popcnt, lzcnt, tsc, tscinvbit, avx, avx2, aes, erms, clmul, bmi1, bmi2, adx, fma, vzeroupper, clflush, clflushopt, hv
Processor Information for all 4 processors :
  Max Mhz: 2701, Current Mhz: 2701, Mhz Limit: 2701

Memory: 4k page, system-wide physical 8001M (102M free)
TotalPageFile size 32577M (AvailPageFile size 47M)
current process WorkingSet (physical memory assigned to process): 10M, peak: 10M
current process commit charge ("private bytes"): 51M, peak: 177M

vm_info: OpenJDK 64-Bit Server VM (17.0.8+7-b1000.8) for windows-amd64 JRE (17.0.8+7-b1000.8), built on 2023-08-04 by "builduser" with MS VC++ 16.10 / 16.11 (VS2019)

END.
